<?xml version="1.0" encoding="UTF-8"?>
<testsuite name="qtriptest.APITests.testCase_API_02" tests="1" skipped="0" failures="0" errors="0" timestamp="2024-01-01T12:57:19" hostname="DESKTOP-OS27IQH" time="2.593">
  <properties/>
  <testcase name="TestCase02" classname="qtriptest.APITests.testCase_API_02" time="2.593"/>
  <system-out><![CDATA[]]></system-out>
  <system-err><![CDATA[]]></system-err>
</testsuite>
