<?xml version="1.0" encoding="UTF-8"?>
<testsuite name="qtriptest.APITests.testCase_API_01" tests="1" skipped="0" failures="0" errors="0" timestamp="2024-01-01T12:57:08" hostname="DESKTOP-OS27IQH" time="10.828">
  <properties/>
  <testcase name="TestCase01" classname="qtriptest.APITests.testCase_API_01" time="10.828"/>
  <system-out><![CDATA[]]></system-out>
  <system-err><![CDATA[]]></system-err>
</testsuite>
