<?xml version="1.0" encoding="UTF-8"?>
<testsuite name="qtriptest.APITests.testCase_API_04" tests="1" skipped="0" failures="0" errors="0" timestamp="2024-01-01T12:57:25" hostname="DESKTOP-OS27IQH" time="1.858">
  <properties/>
  <testcase name="Testcase04" classname="qtriptest.APITests.testCase_API_04" time="1.858"/>
  <system-out><![CDATA[]]></system-out>
  <system-err><![CDATA[]]></system-err>
</testsuite>
