<?xml version="1.0" encoding="UTF-8"?>
<!-- Generated by org.testng.reporters.JUnitReportReporter -->
<testsuite hostname="DESKTOP-OS27IQH" failures="0" tests="1" name="qtriptest.APITests.testCase_API_04" time="1.858" errors="0" timestamp="2024-01-01T18:27:27 IST" skipped="0">
  <testcase classname="qtriptest.APITests.testCase_API_04" name="Testcase04" time="1.858"/>
  <system-out/>
</testsuite> <!-- qtriptest.APITests.testCase_API_04 -->
